<?xml version="1.0" encoding="UTF-8"?>
<!-- Generated by org.testng.reporters.JUnitReportReporter -->
<testsuite hostname="aj-pc" failures="0" tests="1" name="ltm_testcases.LTM_Browserconnection" time="93.918" errors="0" timestamp="2022-02-25T16:53:38 IST" skipped="0">
  <testcase classname="ltm_testcases.LTM_Browserconnection" name="LTMRHS" time="93.918"/>
</testsuite> <!-- ltm_testcases.LTM_Browserconnection -->
