<?xml version="1.0" encoding="UTF-8"?>
<!-- Generated by org.testng.reporters.JUnitReportReporter -->
<testsuite hostname="Ajay-Laptop" failures="0" tests="1" name="ltm_testcases.LTM_LHSOptions" time="60.530" errors="0" timestamp="2020-12-22T20:22:19 IST" skipped="0">
  <testcase classname="ltm_testcases.LTM_LHSOptions" name="LTM_LHSTC" time="60.530"/>
  <system-out/>
</testsuite> <!-- ltm_testcases.LTM_LHSOptions -->
