<?xml version="1.0" encoding="UTF-8"?>
<!-- Generated by org.testng.reporters.JUnitReportReporter -->
<testsuite hostname="aj-pc" failures="0" tests="1" name="ltm_testcases.LTM_DateTime_Test" time="64.186" errors="0" timestamp="2021-09-26T16:43:46 IST" skipped="0">
  <testcase classname="ltm_testcases.LTM_DateTime_Test" name="DateTime" time="64.186"/>
</testsuite> <!-- ltm_testcases.LTM_DateTime_Test -->
