<?xml version="1.0" encoding="UTF-8"?>
<!-- Generated by org.testng.reporters.JUnitReportReporter -->
<testsuite hostname="Ajay-Laptop" failures="0" tests="1" name="ltm_Utility.TestScreenshot" time="0.071" errors="0" timestamp="2020-12-29T16:15:14 IST" skipped="0">
  <testcase classname="ltm_Utility.TestScreenshot" name="LTM_Takescreeshot" time="0.071"/>
  <system-out/>
</testsuite> <!-- ltm_Utility.TestScreenshot -->
