<?xml version="1.0" encoding="UTF-8"?>
<!-- Generated by org.testng.reporters.JUnitReportReporter -->
<testsuite hostname="Ajay-Laptop" failures="0" tests="1" name="ltm_testcases.LTM_Baseclass" time="11.641" errors="0" timestamp="2020-12-09T17:36:47 IST" skipped="0">
  <testcase classname="ltm_testcases.LTM_Baseclass" name="Launchbrowser" time="11.641"/>
  <system-out/>
</testsuite> <!-- ltm_testcases.LTM_Baseclass -->
