<?xml version="1.0" encoding="UTF-8"?>
<!-- Generated by org.testng.reporters.JUnitReportReporter -->
<testsuite hostname="Ajay-Laptop" failures="0" tests="1" name="ltm_testcases.LTM_TC_Reboot" time="50.495" errors="0" timestamp="2020-12-23T08:05:49 IST" skipped="0">
  <testcase classname="ltm_testcases.LTM_TC_Reboot" name="LTM_Reboot" time="50.495"/>
  <system-out/>
</testsuite> <!-- ltm_testcases.LTM_TC_Reboot -->
