<?xml version="1.0" encoding="UTF-8"?>
<!-- Generated by org.testng.reporters.JUnitReportReporter -->
<testsuite skipped="0" hostname="aj-pc" name="ltm_testcases.LTM_SendmessageTest" tests="1" failures="0" timestamp="2021-04-29T15:53:59 IST" time="87.983" errors="0">
  <testcase name="LTM_Send_Message" time="87.983" classname="ltm_testcases.LTM_SendmessageTest"/>
</testsuite> <!-- ltm_testcases.LTM_SendmessageTest -->
