<?xml version="1.0" encoding="UTF-8"?>
<!-- Generated by org.testng.reporters.JUnitReportReporter -->
<testsuite hostname="aj-pc" failures="0" tests="1" name="ltm_testcases.LTM_Sendmessage" time="61.039" errors="0" timestamp="2022-04-18T16:49:08 IST" skipped="0">
  <testcase classname="ltm_testcases.LTM_Sendmessage" name="LTM_Send_Message" time="61.039"/>
  <system-out/>
</testsuite> <!-- ltm_testcases.LTM_Sendmessage -->
